 [1] "filtered"                            
 [2] "P34104_258_S152_L001_R1_001.fastq.gz"
 [3] "P34104_258_S152_L001_R2_001.fastq.gz"
 [4] "P34104_301_S153_L001_R1_001.fastq.gz"
 [5] "P34104_301_S153_L001_R2_001.fastq.gz"
 [6] "P34104_302_S154_L001_R1_001.fastq.gz"
 [7] "P34104_302_S154_L001_R2_001.fastq.gz"
 [8] "P34104_303_S155_L001_R1_001.fastq.gz"
 [9] "P34104_303_S155_L001_R2_001.fastq.gz"
[10] "P34104_304_S156_L001_R1_001.fastq.gz"
[11] "P34104_304_S156_L001_R2_001.fastq.gz"
[12] "P34104_305_S157_L001_R1_001.fastq.gz"
[13] "P34104_305_S157_L001_R2_001.fastq.gz"
[14] "P34104_306_S158_L001_R1_001.fastq.gz"
[15] "P34104_306_S158_L001_R2_001.fastq.gz"
[16] "P34104_307_S159_L001_R1_001.fastq.gz"
[17] "P34104_307_S159_L001_R2_001.fastq.gz"
[18] "P34104_308_S160_L001_R1_001.fastq.gz"
[19] "P34104_308_S160_L001_R2_001.fastq.gz"
[20] "P34104_309_S161_L001_R1_001.fastq.gz"
[21] "P34104_309_S161_L001_R2_001.fastq.gz"
[22] "P34104_310_S162_L001_R1_001.fastq.gz"
[23] "P34104_310_S162_L001_R2_001.fastq.gz"
[24] "P34104_311_S163_L001_R1_001.fastq.gz"
[25] "P34104_311_S163_L001_R2_001.fastq.gz"
[26] "P34104_312_S164_L001_R1_001.fastq.gz"
[27] "P34104_312_S164_L001_R2_001.fastq.gz"
[28] "P34104_313_S165_L001_R1_001.fastq.gz"
[29] "P34104_313_S165_L001_R2_001.fastq.gz"
[30] "P34104_314_S166_L001_R1_001.fastq.gz"
[31] "P34104_314_S166_L001_R2_001.fastq.gz"
[32] "P34104_315_S167_L001_R1_001.fastq.gz"
[33] "P34104_315_S167_L001_R2_001.fastq.gz"
[34] "P34104_316_S168_L001_R1_001.fastq.gz"
[35] "P34104_316_S168_L001_R2_001.fastq.gz"
[36] "P34104_317_S169_L001_R1_001.fastq.gz"
[37] "P34104_317_S169_L001_R2_001.fastq.gz"
[38] "P34104_318_S170_L001_R1_001.fastq.gz"
[39] "P34104_318_S170_L001_R2_001.fastq.gz"
[40] "P34104_319_S171_L001_R1_001.fastq.gz"
[41] "P34104_319_S171_L001_R2_001.fastq.gz"
[42] "P34104_320_S172_L001_R1_001.fastq.gz"
[43] "P34104_320_S172_L001_R2_001.fastq.gz"
[44] "P34104_321_S173_L001_R1_001.fastq.gz"
[45] "P34104_321_S173_L001_R2_001.fastq.gz"
[46] "P34104_322_S174_L001_R1_001.fastq.gz"
[47] "P34104_322_S174_L001_R2_001.fastq.gz"
[48] "P34104_323_S175_L001_R1_001.fastq.gz"
[49] "P34104_323_S175_L001_R2_001.fastq.gz"
[50] "P34104_324_S176_L001_R1_001.fastq.gz"
[51] "P34104_324_S176_L001_R2_001.fastq.gz"
[52] "P34104_325_S177_L001_R1_001.fastq.gz"
[53] "P34104_325_S177_L001_R2_001.fastq.gz"
[54] "P34104_326_S178_L001_R1_001.fastq.gz"
[55] "P34104_326_S178_L001_R2_001.fastq.gz"
[56] "P34104_327_S179_L001_R1_001.fastq.gz"
[57] "P34104_327_S179_L001_R2_001.fastq.gz"
[1] FALSE
[1] FALSE
